upload_file_android原生上传图片/build/outputs/logs/manifest-merger-debug-report.txt
-- Merging decision tree log ---
manifest
ADDED from src\main\AndroidManifest.xml:2:1-18:12
	package
		ADDED from src\main\AndroidManifest.xml:3:7-29
		INJECTED from src\main\AndroidManifest.xml
		INJECTED from src\main\AndroidManifest.xml
	android:versionName
		ADDED from src\main\AndroidManifest.xml:5:7-34
		INJECTED from src\main\AndroidManifest.xml
		INJECTED from src\main\AndroidManifest.xml
	android:versionCode
		ADDED from src\main\AndroidManifest.xml:4:7-30
		INJECTED from src\main\AndroidManifest.xml
		INJECTED from src\main\AndroidManifest.xml
	xmlns:android
		ADDED from src\main\AndroidManifest.xml:2:11-69
application
ADDED from src\main\AndroidManifest.xml:6:3-15:17
	android:label
		ADDED from src\main\AndroidManifest.xml:7:16-48
	android:icon
		ADDED from src\main\AndroidManifest.xml:6:16-45
activity#irdc.ex08_11.EX08_11
ADDED from src\main\AndroidManifest.xml:8:5-14:16
	android:label
		ADDED from src\main\AndroidManifest.xml:9:15-47
	android:name
		ADDED from src\main\AndroidManifest.xml:8:15-38
intent-filter#android.intent.action.MAIN+android.intent.category.LAUNCHER
ADDED from src\main\AndroidManifest.xml:10:7-13:23
action#android.intent.action.MAIN
ADDED from src\main\AndroidManifest.xml:11:9-61
	android:name
		ADDED from src\main\AndroidManifest.xml:11:17-58
category#android.intent.category.LAUNCHER
ADDED from src\main\AndroidManifest.xml:12:9-69
	android:name
		ADDED from src\main\AndroidManifest.xml:12:19-66
uses-permission#android.permission.INTERNET
ADDED from src\main\AndroidManifest.xml:17:3-65
	android:name
		ADDED from src\main\AndroidManifest.xml:17:20-62